{
  "RSpec": {
    "coverage": {
      "/home/nlong/Projects/ruby/weather_forecast/app/helpers/application_helper.rb": {
        "lines": [
          1,
          null
        ]
      },
      "/home/nlong/Projects/ruby/weather_forecast/app/helpers/forecasts_helper.rb": {
        "lines": [
          1,
          1,
          9,
          null,
          null,
          1,
          36,
          null,
          null,
          null,
          1,
          36,
          32,
          null,
          4,
          null,
          null,
          null
        ]
      },
      "/home/nlong/Projects/ruby/weather_forecast/app/controllers/forecasts_controller.rb": {
        "lines": [
          1,
          1,
          5,
          null,
          null,
          1,
          5,
          null,
          5,
          1,
          null,
          null,
          null,
          null,
          1,
          null,
          4,
          null,
          null,
          null,
          1,
          null,
          1,
          5,
          null,
          null
        ]
      },
      "/home/nlong/Projects/ruby/weather_forecast/app/controllers/application_controller.rb": {
        "lines": [
          1,
          null
        ]
      },
      "/home/nlong/Projects/ruby/weather_forecast/app/models/forecast_form.rb": {
        "lines": [
          1,
          1,
          1,
          null,
          1,
          1,
          1,
          1,
          null,
          null,
          1,
          null,
          null,
          null,
          null,
          1,
          null,
          1,
          null,
          5,
          null,
          1,
          null,
          5,
          null
        ]
      },
      "/home/nlong/Projects/ruby/weather_forecast/app/lib/bing_maps_client.rb": {
        "lines": [
          null,
          1,
          1,
          1,
          1,
          null,
          1,
          null,
          null,
          1,
          0,
          null,
          null,
          null,
          null,
          null,
          null,
          0,
          null,
          null,
          0,
          null,
          0,
          null,
          null,
          1,
          null,
          1,
          0,
          null,
          null,
          null,
          null,
          null,
          null
        ]
      },
      "/home/nlong/Projects/ruby/weather_forecast/app/lib/weather_api_client.rb": {
        "lines": [
          null,
          1,
          1,
          1,
          1,
          null,
          1,
          null,
          1,
          0,
          null,
          null,
          null,
          null,
          null,
          0,
          null,
          null,
          1,
          null,
          1,
          0,
          null,
          null,
          null,
          null,
          null,
          null,
          null,
          1,
          0,
          0,
          0,
          null,
          0,
          0,
          0,
          null,
          null,
          null,
          null,
          null
        ]
      },
      "/home/nlong/Projects/ruby/weather_forecast/app/lib/forecast.rb": {
        "lines": [
          null,
          1,
          1,
          null,
          1,
          1,
          1,
          1,
          1,
          null,
          null,
          1,
          1,
          null,
          null,
          null,
          1,
          1,
          1,
          null,
          1,
          null,
          null,
          null,
          1,
          null,
          1,
          1,
          null
        ]
      },
      "/home/nlong/Projects/ruby/weather_forecast/app/channels/application_cable/channel.rb": {
        "lines": [
          0,
          0,
          0,
          0
        ],
        "branches": {
        }
      },
      "/home/nlong/Projects/ruby/weather_forecast/app/channels/application_cable/connection.rb": {
        "lines": [
          0,
          0,
          0,
          0
        ],
        "branches": {
        }
      }
    },
    "timestamp": 1680044825
  }
}
